<?xml version="1.0" encoding="UTF-8"?>
<testng-results ignored="1" total="2" passed="0" failed="1" skipped="0">
  <reporter-output>
    <line>
      <![CDATA[clicked on Shop menu]]>
    </line>
    <line>
      <![CDATA[clicked on Home menu]]>
    </line>
  </reporter-output>
  <suite started-at="2020-12-06T10:08:14 CST" name="Suite" finished-at="2020-12-06T10:08:43 CST" duration-ms="29484">
    <groups>
    </groups>
    <test started-at="2020-12-06T10:08:14 CST" name="TestInChrome" finished-at="2020-12-06T10:08:43 CST" duration-ms="29484">
      <class name="com.test.TestCases.HomePageTestCases">
        <test-method is-config="true" signature="beforeStart(java.lang.String)[pri:0, instance:com.test.TestCases.HomePageTestCases@64c63c79]" started-at="2020-12-06T10:08:14 CST" name="beforeStart" finished-at="2020-12-06T10:08:27 CST" duration-ms="12695" status="PASS">
          <params>
            <param index="0">
              <value>
                <![CDATA[Chrome]]>
              </value>
            </param>
          </params>
          <reporter-output>
          </reporter-output>
        </test-method> <!-- beforeStart -->
        <test-method signature="TC_1()[pri:0, instance:com.test.TestCases.HomePageTestCases@64c63c79]" started-at="2020-12-06T10:08:27 CST" name="TC_1" finished-at="2020-12-06T10:08:42 CST" duration-ms="15066" status="FAIL">
          <exception class="java.lang.AssertionError">
            <message>
              <![CDATA[expected [2] but found [3]]]>
            </message>
            <full-stacktrace>
              <![CDATA[java.lang.AssertionError: expected [2] but found [3]
at org.testng.Assert.fail(Assert.java:99)
at org.testng.Assert.failNotEquals(Assert.java:1037)
at org.testng.Assert.assertEqualsImpl(Assert.java:140)
at org.testng.Assert.assertEquals(Assert.java:122)
at org.testng.Assert.assertEquals(Assert.java:907)
at org.testng.Assert.assertEquals(Assert.java:917)
at com.test.TestCases.HomePageTestCases.TC_1(HomePageTestCases.java:55)
at java.base/jdk.internal.reflect.NativeMethodAccessorImpl.invoke0(Native Method)
at java.base/jdk.internal.reflect.NativeMethodAccessorImpl.invoke(NativeMethodAccessorImpl.java:64)
at java.base/jdk.internal.reflect.DelegatingMethodAccessorImpl.invoke(DelegatingMethodAccessorImpl.java:43)
at java.base/java.lang.reflect.Method.invoke(Method.java:564)
at org.testng.internal.MethodInvocationHelper.invokeMethod(MethodInvocationHelper.java:132)
at org.testng.internal.TestInvoker.invokeMethod(TestInvoker.java:599)
at org.testng.internal.TestInvoker.invokeTestMethod(TestInvoker.java:174)
at org.testng.internal.MethodRunner.runInSequence(MethodRunner.java:46)
at org.testng.internal.TestInvoker$MethodInvocationAgent.invoke(TestInvoker.java:822)
at org.testng.internal.TestInvoker.invokeTestMethods(TestInvoker.java:147)
at org.testng.internal.TestMethodWorker.invokeTestMethods(TestMethodWorker.java:146)
at org.testng.internal.TestMethodWorker.run(TestMethodWorker.java:128)
at java.base/java.util.ArrayList.forEach(ArrayList.java:1511)
at org.testng.TestRunner.privateRun(TestRunner.java:764)
at org.testng.TestRunner.run(TestRunner.java:585)
at org.testng.SuiteRunner.runTest(SuiteRunner.java:384)
at org.testng.SuiteRunner.runSequentially(SuiteRunner.java:378)
at org.testng.SuiteRunner.privateRun(SuiteRunner.java:337)
at org.testng.SuiteRunner.run(SuiteRunner.java:286)
at org.testng.SuiteRunnerWorker.runSuite(SuiteRunnerWorker.java:53)
at org.testng.SuiteRunnerWorker.run(SuiteRunnerWorker.java:96)
at org.testng.TestNG.runSuitesSequentially(TestNG.java:1218)
at org.testng.TestNG.runSuitesLocally(TestNG.java:1140)
at org.testng.TestNG.runSuites(TestNG.java:1069)
at org.testng.TestNG.run(TestNG.java:1037)
at org.testng.remote.AbstractRemoteTestNG.run(AbstractRemoteTestNG.java:115)
at org.testng.remote.RemoteTestNG.initAndRun(RemoteTestNG.java:251)
at org.testng.remote.RemoteTestNG.main(RemoteTestNG.java:77)
]]>
            </full-stacktrace>
          </exception> <!-- java.lang.AssertionError -->
          <reporter-output>
            <line>
              <![CDATA[clicked on Shop menu]]>
            </line>
            <line>
              <![CDATA[clicked on Home menu]]>
            </line>
          </reporter-output>
        </test-method> <!-- TC_1 -->
        <test-method is-config="true" signature="afterFinish()[pri:0, instance:com.test.TestCases.HomePageTestCases@64c63c79]" started-at="2020-12-06T10:08:42 CST" name="afterFinish" finished-at="2020-12-06T10:08:43 CST" duration-ms="850" status="PASS">
          <reporter-output>
          </reporter-output>
        </test-method> <!-- afterFinish -->
      </class> <!-- com.test.TestCases.HomePageTestCases -->
    </test> <!-- TestInChrome -->
  </suite> <!-- Suite -->
</testng-results>
