<?xml version="1.0" encoding="UTF-8"?>
<!-- Generated by org.testng.reporters.JUnitXMLReporter -->
<testsuite ignored="1" hostname="DESKTOP-OD4FIUA" failures="1" tests="1" name="TestInChrome" time="29.484" errors="0" timestamp="2020-12-06T10:08:43 CST">
  <testcase classname="com.test.TestCases.HomePageTestCases" name="TC_1" time="15.066">
    <failure type="java.lang.AssertionError" message="expected [2] but found [3]">
      <![CDATA[java.lang.AssertionError: expected [2] but found [3]
at com.test.TestCases.HomePageTestCases.TC_1(HomePageTestCases.java:55)
at java.base/java.util.ArrayList.forEach(ArrayList.java:1511)
... Removed 33 stack frames]]>
    </failure>
  </testcase> <!-- TC_1 -->
  <testcase classname="com.test.TestCases.HomePageTestCases" name="TC_2" time="0.0">
    <ignored/>
  </testcase> <!-- TC_2 -->
</testsuite> <!-- TestInChrome -->
